<?xml version="1.0" encoding="UTF-8"?>
<!-- Generated by org.testng.reporters.JUnitReportReporter -->
<testsuite hostname="LAPTOP-0A5E04UV" failures="0" tests="1" name="Mouseactions.Mouseactions" time="17.128" errors="0" timestamp="2022-04-05T15:59:12 EDT" skipped="0">
  <testcase classname="Mouseactions.Mouseactions" name="purchase" time="17.128"/>
  <system-out/>
</testsuite> <!-- Mouseactions.Mouseactions -->
